Сборка начата 25.11.2023 9:30:21.
Уровень детализации журнала: Normal.     1>Проект "C:\Users\Lenovo\Desktop\ОАиП 07.10.23 ГС\основное\ЛР6 WHILE ОСН\ЛР6 WHILE ОСН\ЛР6 WHILE ОСН.vcxproj" в узле 2 (целевые объекты Build).
     1>InitializeBuildStatus:
         Создание "x64\Debug\ЛР6 WHILE ОСН.tlog\unsuccessfulbuild", так как было задано "AlwaysCreate".
         Обращение к "x64\Debug\ЛР6 WHILE ОСН.tlog\unsuccessfulbuild".
       ClCompile:
         C:\Program Files\Microsoft Visual Studio\2022\Preview\VC\Tools\MSVC\14.38.32919\bin\HostX64\x64\CL.exe /c /ZI /JMC /nologo /W3 /WX- /diagnostics:column /sdl /Od /D _DEBUG /D _CONSOLE /D _UNICODE /D UNICODE /Gm- /EHsc /RTC1 /MDd /GS /fp:precise /Zc:wchar_t /Zc:forScope /Zc:inline /permissive- /Fo"x64\Debug\\" /Fd"x64\Debug\vc143.pdb" /external:W3 /Gd /TP /FC /errorReport:prompt "ЛР6 WHILE ОСН.cpp"
         ЛР6 WHILE ОСН.cpp
       Link:
         C:\Program Files\Microsoft Visual Studio\2022\Preview\VC\Tools\MSVC\14.38.32919\bin\HostX64\x64\link.exe /ERRORREPORT:PROMPT /OUT:"C:\Users\Lenovo\Desktop\ОАиП 07.10.23 ГС\основное\ЛР6 WHILE ОСН\x64\Debug\ЛР6 WHILE ОСН.exe" /INCREMENTAL /ILK:"x64\Debug\ЛР6 WHILE ОСН.ilk" /NOLOGO kernel32.lib user32.lib gdi32.lib winspool.lib comdlg32.lib advapi32.lib shell32.lib ole32.lib oleaut32.lib uuid.lib odbc32.lib odbccp32.lib /MANIFEST /MANIFESTUAC:"level='asInvoker' uiAccess='false'" /manifest:embed /DEBUG /PDB:"C:\Users\Lenovo\Desktop\ОАиП 07.10.23 ГС\основное\ЛР6 WHILE ОСН\x64\Debug\ЛР6 WHILE ОСН.pdb" /SUBSYSTEM:CONSOLE /TLBID:1 /DYNAMICBASE /NXCOMPAT /IMPLIB:"C:\Users\Lenovo\Desktop\ОАиП 07.10.23 ГС\основное\ЛР6 WHILE ОСН\x64\Debug\ЛР6 WHILE ОСН.lib" /MACHINE:X64 "x64\Debug\ЛР6 WHILE ОСН.obj"
         ЛР6 WHILE ОСН.vcxproj -> C:\Users\Lenovo\Desktop\ОАиП 07.10.23 ГС\основное\ЛР6 WHILE ОСН\x64\Debug\ЛР6 WHILE ОСН.exe
       TlogCleanup:
         Следующие элементы будут удалены из tlogs, так как они были удалены из проекта или сборки: C:\Users\Lenovo\Desktop\ОАиП 07.10.23\основное\ЛР6 WHILE ОСН\ЛР6 WHILE ОСН\ЛР6 WHILE ОСН.cpp.
       FinalizeBuildStatus:
         Файл "x64\Debug\ЛР6 WHILE ОСН.tlog\unsuccessfulbuild" удаляется.
         Обращение к "x64\Debug\ЛР6 WHILE ОСН.tlog\ЛР6 WHILE ОСН.lastbuildstate".
     1>Сборка проекта "C:\Users\Lenovo\Desktop\ОАиП 07.10.23 ГС\основное\ЛР6 WHILE ОСН\ЛР6 WHILE ОСН\ЛР6 WHILE ОСН.vcxproj" завершена (целевые объекты Build).

Сборка успешно завершена.
    Предупреждений: 0
    Ошибок: 0

Прошло времени 00:00:01.68
