Сборка начата 04.11.2023 14:44:08.
Уровень детализации журнала: Normal.     1>Проект "C:\Users\Lenovo\Desktop\ОАиП 14.10.23 Г\задание 7\задание 7\задание 7.vcxproj" в узле 2 (целевые объекты Build).
     1>InitializeBuildStatus:
         Создание "x64\Debug\задание 7.tlog\unsuccessfulbuild", так как было задано "AlwaysCreate".
         Обращение к "x64\Debug\задание 7.tlog\unsuccessfulbuild".
       ClCompile:
         C:\Program Files\Microsoft Visual Studio\2022\Preview\VC\Tools\MSVC\14.38.32919\bin\HostX64\x64\CL.exe /c /ZI /JMC /nologo /W3 /WX- /diagnostics:column /sdl /Od /D _DEBUG /D _CONSOLE /D _UNICODE /D UNICODE /Gm- /EHsc /RTC1 /MDd /GS /fp:precise /Zc:wchar_t /Zc:forScope /Zc:inline /permissive- /Fo"x64\Debug\\" /Fd"x64\Debug\vc143.pdb" /external:W3 /Gd /TP /FC /errorReport:prompt "задание 7.cpp"
         задание 7.cpp
     1>C:\Users\Lenovo\Desktop\ОАиП 14.10.23 Г\задание 7\задание 7\задание 7.cpp(28,28): warning C4554: "&": проверьте приоритет операторов на ошибки; для уточнения приоритета используйте скобки
     1>C:\Users\Lenovo\Desktop\ОАиП 14.10.23 Г\задание 7\задание 7\задание 7.cpp(6,17): warning C4101: temp: неиспользованная локальная переменная
       Link:
         C:\Program Files\Microsoft Visual Studio\2022\Preview\VC\Tools\MSVC\14.38.32919\bin\HostX64\x64\link.exe /ERRORREPORT:PROMPT /OUT:"C:\Users\Lenovo\Desktop\ОАиП 14.10.23 Г\задание 7\x64\Debug\задание 7.exe" /INCREMENTAL /ILK:"x64\Debug\задание 7.ilk" /NOLOGO kernel32.lib user32.lib gdi32.lib winspool.lib comdlg32.lib advapi32.lib shell32.lib ole32.lib oleaut32.lib uuid.lib odbc32.lib odbccp32.lib /MANIFEST /MANIFESTUAC:"level='asInvoker' uiAccess='false'" /manifest:embed /DEBUG /PDB:"C:\Users\Lenovo\Desktop\ОАиП 14.10.23 Г\задание 7\x64\Debug\задание 7.pdb" /SUBSYSTEM:CONSOLE /TLBID:1 /DYNAMICBASE /NXCOMPAT /IMPLIB:"C:\Users\Lenovo\Desktop\ОАиП 14.10.23 Г\задание 7\x64\Debug\задание 7.lib" /MACHINE:X64 "x64\Debug\задание 7.obj"
         задание 7.vcxproj -> C:\Users\Lenovo\Desktop\ОАиП 14.10.23 Г\задание 7\x64\Debug\задание 7.exe
       TlogCleanup:
         Следующие элементы будут удалены из tlogs, так как они были удалены из проекта или сборки: C:\Users\Lenovo\Desktop\ОАиП 14.10.23\задание 7\задание 7\задание 7.cpp.
       FinalizeBuildStatus:
         Файл "x64\Debug\задание 7.tlog\unsuccessfulbuild" удаляется.
         Обращение к "x64\Debug\задание 7.tlog\задание 7.lastbuildstate".
     1>Сборка проекта "C:\Users\Lenovo\Desktop\ОАиП 14.10.23 Г\задание 7\задание 7\задание 7.vcxproj" завершена (целевые объекты Build).

Сборка успешно завершена.

       "C:\Users\Lenovo\Desktop\ОАиП 14.10.23 Г\задание 7\задание 7\задание 7.vcxproj" (целевой объект Build ) (1) ->
       (Целевой объект ClCompile) -> 
         C:\Users\Lenovo\Desktop\ОАиП 14.10.23 Г\задание 7\задание 7\задание 7.cpp(28,28): warning C4554: "&": проверьте приоритет операторов на ошибки; для уточнения приоритета используйте скобки
         C:\Users\Lenovo\Desktop\ОАиП 14.10.23 Г\задание 7\задание 7\задание 7.cpp(6,17): warning C4101: temp: неиспользованная локальная переменная

    Предупреждений: 2
    Ошибок: 0

Прошло времени 00:00:01.04
