Сборка начата 24.10.2023 17:30:42.
Уровень детализации журнала: Normal.     1>Проект "C:\Users\Lenovo\Desktop\ОАиП 07.10.23 ГС\основное\ЛР6 ОСН\ЛР6 ОСН\ЛР6 ОСН.vcxproj" в узле 2 (целевые объекты Build).
     1>InitializeBuildStatus:
         Создание "x64\Debug\ЛР6 ОСН.tlog\unsuccessfulbuild", так как было задано "AlwaysCreate".
         Обращение к "x64\Debug\ЛР6 ОСН.tlog\unsuccessfulbuild".
       ClCompile:
         C:\Program Files\Microsoft Visual Studio\2022\Preview\VC\Tools\MSVC\14.38.32919\bin\HostX64\x64\CL.exe /c /ZI /JMC /nologo /W3 /WX- /diagnostics:column /sdl /Od /D _DEBUG /D _CONSOLE /D _UNICODE /D UNICODE /Gm- /EHsc /RTC1 /MDd /GS /fp:precise /Zc:wchar_t /Zc:forScope /Zc:inline /permissive- /Fo"x64\Debug\\" /Fd"x64\Debug\vc143.pdb" /external:W3 /Gd /TP /FC /errorReport:prompt "ЛР6 ОСН.cpp"
         ЛР6 ОСН.cpp
     1>C:\Users\Lenovo\Desktop\ОАиП 07.10.23 ГС\основное\ЛР6 ОСН\ЛР6 ОСН\ЛР6 ОСН.cpp(3,1): warning C4326: возвращаемый тип "main" должен быть "int", а не "void"
     1>C:\Users\Lenovo\Desktop\ОАиП 07.10.23 ГС\основное\ЛР6 ОСН\ЛР6 ОСН\ЛР6 ОСН.cpp(5,22): warning C4305: инициализация: усечение из "double" в "float"
     1>C:\Users\Lenovo\Desktop\ОАиП 07.10.23 ГС\основное\ЛР6 ОСН\ЛР6 ОСН\ЛР6 ОСН.cpp(10,15): warning C4244: =: преобразование "double" в "float", возможна потеря данных
     1>C:\Users\Lenovo\Desktop\ОАиП 07.10.23 ГС\основное\ЛР6 ОСН\ЛР6 ОСН\ЛР6 ОСН.cpp(12,18): warning C4244: =: преобразование "double" в "float", возможна потеря данных
       Link:
         C:\Program Files\Microsoft Visual Studio\2022\Preview\VC\Tools\MSVC\14.38.32919\bin\HostX64\x64\link.exe /ERRORREPORT:PROMPT /OUT:"C:\Users\Lenovo\Desktop\ОАиП 07.10.23 ГС\основное\ЛР6 ОСН\x64\Debug\ЛР6 ОСН.exe" /INCREMENTAL /ILK:"x64\Debug\ЛР6 ОСН.ilk" /NOLOGO kernel32.lib user32.lib gdi32.lib winspool.lib comdlg32.lib advapi32.lib shell32.lib ole32.lib oleaut32.lib uuid.lib odbc32.lib odbccp32.lib /MANIFEST /MANIFESTUAC:"level='asInvoker' uiAccess='false'" /manifest:embed /DEBUG /PDB:"C:\Users\Lenovo\Desktop\ОАиП 07.10.23 ГС\основное\ЛР6 ОСН\x64\Debug\ЛР6 ОСН.pdb" /SUBSYSTEM:CONSOLE /TLBID:1 /DYNAMICBASE /NXCOMPAT /IMPLIB:"C:\Users\Lenovo\Desktop\ОАиП 07.10.23 ГС\основное\ЛР6 ОСН\x64\Debug\ЛР6 ОСН.lib" /MACHINE:X64 "x64\Debug\ЛР6 ОСН.obj"
         ЛР6 ОСН.vcxproj -> C:\Users\Lenovo\Desktop\ОАиП 07.10.23 ГС\основное\ЛР6 ОСН\x64\Debug\ЛР6 ОСН.exe
       FinalizeBuildStatus:
         Файл "x64\Debug\ЛР6 ОСН.tlog\unsuccessfulbuild" удаляется.
         Обращение к "x64\Debug\ЛР6 ОСН.tlog\ЛР6 ОСН.lastbuildstate".
     1>Сборка проекта "C:\Users\Lenovo\Desktop\ОАиП 07.10.23 ГС\основное\ЛР6 ОСН\ЛР6 ОСН\ЛР6 ОСН.vcxproj" завершена (целевые объекты Build).

Сборка успешно завершена.

       "C:\Users\Lenovo\Desktop\ОАиП 07.10.23 ГС\основное\ЛР6 ОСН\ЛР6 ОСН\ЛР6 ОСН.vcxproj" (целевой объект Build ) (1) ->
       (Целевой объект ClCompile) -> 
         C:\Users\Lenovo\Desktop\ОАиП 07.10.23 ГС\основное\ЛР6 ОСН\ЛР6 ОСН\ЛР6 ОСН.cpp(3,1): warning C4326: возвращаемый тип "main" должен быть "int", а не "void"
         C:\Users\Lenovo\Desktop\ОАиП 07.10.23 ГС\основное\ЛР6 ОСН\ЛР6 ОСН\ЛР6 ОСН.cpp(5,22): warning C4305: инициализация: усечение из "double" в "float"
         C:\Users\Lenovo\Desktop\ОАиП 07.10.23 ГС\основное\ЛР6 ОСН\ЛР6 ОСН\ЛР6 ОСН.cpp(10,15): warning C4244: =: преобразование "double" в "float", возможна потеря данных
         C:\Users\Lenovo\Desktop\ОАиП 07.10.23 ГС\основное\ЛР6 ОСН\ЛР6 ОСН\ЛР6 ОСН.cpp(12,18): warning C4244: =: преобразование "double" в "float", возможна потеря данных

    Предупреждений: 4
    Ошибок: 0

Прошло времени 00:00:00.90
