Сборка начата 26.11.2023 18:00:46.
Уровень детализации журнала: Normal.     1>Проект "C:\Users\Lenovo\Desktop\ОАиП 04.11.23 ГС\ДОП 3\ДОП 3\ДОП 3.vcxproj" в узле 2 (целевые объекты Build).
     1>InitializeBuildStatus:
         Обращение к "x64\Debug\ДОП 3.tlog\unsuccessfulbuild".
       ClCompile:
         C:\Program Files\Microsoft Visual Studio\2022\Preview\VC\Tools\MSVC\14.38.32919\bin\HostX64\x64\CL.exe /c /ZI /JMC /nologo /W3 /WX- /diagnostics:column /sdl /Od /D _DEBUG /D _CONSOLE /D _UNICODE /D UNICODE /Gm- /EHsc /RTC1 /MDd /GS /fp:precise /Zc:wchar_t /Zc:forScope /Zc:inline /permissive- /Fo"x64\Debug\\" /Fd"x64\Debug\vc143.pdb" /external:W3 /Gd /TP /FC /errorReport:prompt "ДОП 3.cpp"
         ДОП 3.cpp
     1>C:\Users\Lenovo\Desktop\ОАиП 04.11.23 ГС\ДОП 3\ДОП 3\ДОП 3.cpp(12,15): warning C4244: аргумент: преобразование "time_t" в "unsigned int", возможна потеря данных
       Link:
         C:\Program Files\Microsoft Visual Studio\2022\Preview\VC\Tools\MSVC\14.38.32919\bin\HostX64\x64\link.exe /ERRORREPORT:PROMPT /OUT:"C:\Users\Lenovo\Desktop\ОАиП 04.11.23 ГС\ДОП 3\x64\Debug\ДОП 3.exe" /INCREMENTAL /ILK:"x64\Debug\ДОП 3.ilk" /NOLOGO kernel32.lib user32.lib gdi32.lib winspool.lib comdlg32.lib advapi32.lib shell32.lib ole32.lib oleaut32.lib uuid.lib odbc32.lib odbccp32.lib /MANIFEST /MANIFESTUAC:"level='asInvoker' uiAccess='false'" /manifest:embed /DEBUG /PDB:"C:\Users\Lenovo\Desktop\ОАиП 04.11.23 ГС\ДОП 3\x64\Debug\ДОП 3.pdb" /SUBSYSTEM:CONSOLE /TLBID:1 /DYNAMICBASE /NXCOMPAT /IMPLIB:"C:\Users\Lenovo\Desktop\ОАиП 04.11.23 ГС\ДОП 3\x64\Debug\ДОП 3.lib" /MACHINE:X64 "x64\Debug\ДОП 3.obj"
         ДОП 3.vcxproj -> C:\Users\Lenovo\Desktop\ОАиП 04.11.23 ГС\ДОП 3\x64\Debug\ДОП 3.exe
       TlogCleanup:
         Следующие элементы будут удалены из tlogs, так как они были удалены из проекта или сборки: C:\Users\Lenovo\Desktop\ОАиП 04.11.23 Г\ДОП 3\ДОП 3\ДОП 3.cpp.
       FinalizeBuildStatus:
         Файл "x64\Debug\ДОП 3.tlog\unsuccessfulbuild" удаляется.
         Обращение к "x64\Debug\ДОП 3.tlog\ДОП 3.lastbuildstate".
     1>Сборка проекта "C:\Users\Lenovo\Desktop\ОАиП 04.11.23 ГС\ДОП 3\ДОП 3\ДОП 3.vcxproj" завершена (целевые объекты Build).

Сборка успешно завершена.

       "C:\Users\Lenovo\Desktop\ОАиП 04.11.23 ГС\ДОП 3\ДОП 3\ДОП 3.vcxproj" (целевой объект Build ) (1) ->
       (Целевой объект ClCompile) -> 
         C:\Users\Lenovo\Desktop\ОАиП 04.11.23 ГС\ДОП 3\ДОП 3\ДОП 3.cpp(12,15): warning C4244: аргумент: преобразование "time_t" в "unsigned int", возможна потеря данных

    Предупреждений: 1
    Ошибок: 0

Прошло времени 00:00:00.65
