Сборка начата 11.11.2023 15:34:16.
Уровень детализации журнала: Normal.     1>Проект "C:\Users\Lenovo\Desktop\ОАиП 28.10.23 Г\В3\ЛР 9 В3 №6\ЛР 9 В3 №6\ЛР 9 В3 №6.vcxproj" в узле 2 (целевые объекты Build).
     1>InitializeBuildStatus:
         Создание "x64\Debug\ЛР 9 В3 №6.tlog\unsuccessfulbuild", так как было задано "AlwaysCreate".
         Обращение к "x64\Debug\ЛР 9 В3 №6.tlog\unsuccessfulbuild".
       ClCompile:
         C:\Program Files\Microsoft Visual Studio\2022\Preview\VC\Tools\MSVC\14.38.32919\bin\HostX64\x64\CL.exe /c /ZI /JMC /nologo /W3 /WX- /diagnostics:column /sdl /Od /D _DEBUG /D _CONSOLE /D _UNICODE /D UNICODE /Gm- /EHsc /RTC1 /MDd /GS /fp:precise /Zc:wchar_t /Zc:forScope /Zc:inline /permissive- /Fo"x64\Debug\\" /Fd"x64\Debug\vc143.pdb" /external:W3 /Gd /TP /FC /errorReport:prompt "ЛР 9 В3 №6.cpp"
         ЛР 9 В3 №6.cpp
     1>C:\Users\Lenovo\Desktop\ОАиП 28.10.23 Г\В3\ЛР 9 В3 №6\ЛР 9 В3 №6\ЛР 9 В3 №6.cpp(5,29): warning C4305: инициализация: усечение из "double" в "float"
       Link:
         C:\Program Files\Microsoft Visual Studio\2022\Preview\VC\Tools\MSVC\14.38.32919\bin\HostX64\x64\link.exe /ERRORREPORT:PROMPT /OUT:"C:\Users\Lenovo\Desktop\ОАиП 28.10.23 Г\В3\ЛР 9 В3 №6\x64\Debug\ЛР 9 В3 №6.exe" /INCREMENTAL /ILK:"x64\Debug\ЛР 9 В3 №6.ilk" /NOLOGO kernel32.lib user32.lib gdi32.lib winspool.lib comdlg32.lib advapi32.lib shell32.lib ole32.lib oleaut32.lib uuid.lib odbc32.lib odbccp32.lib /MANIFEST /MANIFESTUAC:"level='asInvoker' uiAccess='false'" /manifest:embed /DEBUG /PDB:"C:\Users\Lenovo\Desktop\ОАиП 28.10.23 Г\В3\ЛР 9 В3 №6\x64\Debug\ЛР 9 В3 №6.pdb" /SUBSYSTEM:CONSOLE /TLBID:1 /DYNAMICBASE /NXCOMPAT /IMPLIB:"C:\Users\Lenovo\Desktop\ОАиП 28.10.23 Г\В3\ЛР 9 В3 №6\x64\Debug\ЛР 9 В3 №6.lib" /MACHINE:X64 "x64\Debug\ЛР 9 В3 №6.obj"
         ЛР 9 В3 №6.vcxproj -> C:\Users\Lenovo\Desktop\ОАиП 28.10.23 Г\В3\ЛР 9 В3 №6\x64\Debug\ЛР 9 В3 №6.exe
       FinalizeBuildStatus:
         Файл "x64\Debug\ЛР 9 В3 №6.tlog\unsuccessfulbuild" удаляется.
         Обращение к "x64\Debug\ЛР 9 В3 №6.tlog\ЛР 9 В3 №6.lastbuildstate".
     1>Сборка проекта "C:\Users\Lenovo\Desktop\ОАиП 28.10.23 Г\В3\ЛР 9 В3 №6\ЛР 9 В3 №6\ЛР 9 В3 №6.vcxproj" завершена (целевые объекты Build).

Сборка успешно завершена.

       "C:\Users\Lenovo\Desktop\ОАиП 28.10.23 Г\В3\ЛР 9 В3 №6\ЛР 9 В3 №6\ЛР 9 В3 №6.vcxproj" (целевой объект Build ) (1) ->
       (Целевой объект ClCompile) -> 
         C:\Users\Lenovo\Desktop\ОАиП 28.10.23 Г\В3\ЛР 9 В3 №6\ЛР 9 В3 №6\ЛР 9 В3 №6.cpp(5,29): warning C4305: инициализация: усечение из "double" в "float"

    Предупреждений: 1
    Ошибок: 0

Прошло времени 00:00:00.53
