Сборка начата 04.11.2023 15:08:21.
Уровень детализации журнала: Normal.     1>Проект "C:\Users\Lenovo\Desktop\ОАиП 21.10.23 Г\ОСН В5\ОСН В5\ОСН В5.vcxproj" в узле 2 (целевые объекты Build).
     1>InitializeBuildStatus:
         Создание "x64\Debug\ОСН В5.tlog\unsuccessfulbuild", так как было задано "AlwaysCreate".
         Обращение к "x64\Debug\ОСН В5.tlog\unsuccessfulbuild".
       ClCompile:
         C:\Program Files\Microsoft Visual Studio\2022\Preview\VC\Tools\MSVC\14.38.32919\bin\HostX64\x64\CL.exe /c /ZI /JMC /nologo /W3 /WX- /diagnostics:column /sdl /Od /D _DEBUG /D _CONSOLE /D _UNICODE /D UNICODE /Gm- /EHsc /RTC1 /MDd /GS /fp:precise /Zc:wchar_t /Zc:forScope /Zc:inline /permissive- /Fo"x64\Debug\\" /Fd"x64\Debug\vc143.pdb" /external:W3 /Gd /TP /FC /errorReport:prompt "ОСН В5.cpp"
         ОСН В5.cpp
       Link:
         C:\Program Files\Microsoft Visual Studio\2022\Preview\VC\Tools\MSVC\14.38.32919\bin\HostX64\x64\link.exe /ERRORREPORT:PROMPT /OUT:"C:\Users\Lenovo\Desktop\ОАиП 21.10.23 Г\ОСН В5\x64\Debug\ОСН В5.exe" /INCREMENTAL /ILK:"x64\Debug\ОСН В5.ilk" /NOLOGO kernel32.lib user32.lib gdi32.lib winspool.lib comdlg32.lib advapi32.lib shell32.lib ole32.lib oleaut32.lib uuid.lib odbc32.lib odbccp32.lib /MANIFEST /MANIFESTUAC:"level='asInvoker' uiAccess='false'" /manifest:embed /DEBUG /PDB:"C:\Users\Lenovo\Desktop\ОАиП 21.10.23 Г\ОСН В5\x64\Debug\ОСН В5.pdb" /SUBSYSTEM:CONSOLE /TLBID:1 /DYNAMICBASE /NXCOMPAT /IMPLIB:"C:\Users\Lenovo\Desktop\ОАиП 21.10.23 Г\ОСН В5\x64\Debug\ОСН В5.lib" /MACHINE:X64 "x64\Debug\ОСН В5.obj"
         ОСН В5.vcxproj -> C:\Users\Lenovo\Desktop\ОАиП 21.10.23 Г\ОСН В5\x64\Debug\ОСН В5.exe
       TlogCleanup:
         Следующие элементы будут удалены из tlogs, так как они были удалены из проекта или сборки: C:\Users\Lenovo\Desktop\ОАиП 21.10.23\ОСН В5\ОСН В5\ОСН В5.cpp.
       FinalizeBuildStatus:
         Файл "x64\Debug\ОСН В5.tlog\unsuccessfulbuild" удаляется.
         Обращение к "x64\Debug\ОСН В5.tlog\ОСН В5.lastbuildstate".
     1>Сборка проекта "C:\Users\Lenovo\Desktop\ОАиП 21.10.23 Г\ОСН В5\ОСН В5\ОСН В5.vcxproj" завершена (целевые объекты Build).

Сборка успешно завершена.
    Предупреждений: 0
    Ошибок: 0

Прошло времени 00:00:00.84
