Сборка начата 02.12.2023 15:12:19.
Уровень детализации журнала: Normal.     1>Проект "C:\Users\Lenovo\Desktop\ОАиП 18.11.23 Г\В9\ЛР 12 В9 №1\ЛР 12 В9 №1\ЛР 12 В9 №1.vcxproj" в узле 2 (целевые объекты Build).
     1>InitializeBuildStatus:
         Создание "x64\Debug\ЛР 12 В9 №1.tlog\unsuccessfulbuild", так как было задано "AlwaysCreate".
         Обращение к "x64\Debug\ЛР 12 В9 №1.tlog\unsuccessfulbuild".
       ClCompile:
         C:\Program Files\Microsoft Visual Studio\2022\Preview\VC\Tools\MSVC\14.38.32919\bin\HostX64\x64\CL.exe /c /ZI /JMC /nologo /W3 /WX- /diagnostics:column /sdl /Od /D _DEBUG /D _CONSOLE /D _UNICODE /D UNICODE /Gm- /EHsc /RTC1 /MDd /GS /fp:precise /Zc:wchar_t /Zc:forScope /Zc:inline /permissive- /Fo"x64\Debug\\" /Fd"x64\Debug\vc143.pdb" /external:W3 /Gd /TP /FC /errorReport:prompt "ЛР 12 В9 №1.cpp"
         ЛР 12 В9 №1.cpp
     1>C:\Users\Lenovo\Desktop\ОАиП 18.11.23 Г\В9\ЛР 12 В9 №1\ЛР 12 В9 №1\ЛР 12 В9 №1.cpp(5,1): warning C4326: возвращаемый тип "main" должен быть "int", а не "void"
       Link:
         C:\Program Files\Microsoft Visual Studio\2022\Preview\VC\Tools\MSVC\14.38.32919\bin\HostX64\x64\link.exe /ERRORREPORT:PROMPT /OUT:"C:\Users\Lenovo\Desktop\ОАиП 18.11.23 Г\В9\ЛР 12 В9 №1\x64\Debug\ЛР 12 В9 №1.exe" /INCREMENTAL /ILK:"x64\Debug\ЛР 12 В9 №1.ilk" /NOLOGO kernel32.lib user32.lib gdi32.lib winspool.lib comdlg32.lib advapi32.lib shell32.lib ole32.lib oleaut32.lib uuid.lib odbc32.lib odbccp32.lib /MANIFEST /MANIFESTUAC:"level='asInvoker' uiAccess='false'" /manifest:embed /DEBUG /PDB:"C:\Users\Lenovo\Desktop\ОАиП 18.11.23 Г\В9\ЛР 12 В9 №1\x64\Debug\ЛР 12 В9 №1.pdb" /SUBSYSTEM:CONSOLE /TLBID:1 /DYNAMICBASE /NXCOMPAT /IMPLIB:"C:\Users\Lenovo\Desktop\ОАиП 18.11.23 Г\В9\ЛР 12 В9 №1\x64\Debug\ЛР 12 В9 №1.lib" /MACHINE:X64 "x64\Debug\ЛР 12 В9 №1.obj"
         ЛР 12 В9 №1.vcxproj -> C:\Users\Lenovo\Desktop\ОАиП 18.11.23 Г\В9\ЛР 12 В9 №1\x64\Debug\ЛР 12 В9 №1.exe
       TlogCleanup:
         Следующие элементы будут удалены из tlogs, так как они были удалены из проекта или сборки: C:\Users\Lenovo\Desktop\ОАиП 18.11.23 ГС(без допов)\В9\ЛР 12 В9 №1\ЛР 12 В9 №1\ЛР 12 В9 №1.cpp.
       FinalizeBuildStatus:
         Файл "x64\Debug\ЛР 12 В9 №1.tlog\unsuccessfulbuild" удаляется.
         Обращение к "x64\Debug\ЛР 12 В9 №1.tlog\ЛР 12 В9 №1.lastbuildstate".
     1>Сборка проекта "C:\Users\Lenovo\Desktop\ОАиП 18.11.23 Г\В9\ЛР 12 В9 №1\ЛР 12 В9 №1\ЛР 12 В9 №1.vcxproj" завершена (целевые объекты Build).

Сборка успешно завершена.

       "C:\Users\Lenovo\Desktop\ОАиП 18.11.23 Г\В9\ЛР 12 В9 №1\ЛР 12 В9 №1\ЛР 12 В9 №1.vcxproj" (целевой объект Build ) (1) ->
       (Целевой объект ClCompile) -> 
         C:\Users\Lenovo\Desktop\ОАиП 18.11.23 Г\В9\ЛР 12 В9 №1\ЛР 12 В9 №1\ЛР 12 В9 №1.cpp(5,1): warning C4326: возвращаемый тип "main" должен быть "int", а не "void"

    Предупреждений: 1
    Ошибок: 0

Прошло времени 00:00:01.12
